<?xml version="1.0" encoding="UTF-8"?>
<!-- Generated by org.testng.reporters.JUnitReportReporter -->
<testsuite skipped="0" hostname="DESKTOP-TP2DDA7" name="getRequest.GetData2" tests="2" failures="0" timestamp="2020-05-12T23:13:46 IST" time="5.811" errors="0">
  <testcase name="testBody" time="4.829" classname="getRequest.GetData2"/>
  <testcase name="testResponseCode" time="0.982" classname="getRequest.GetData2"/>
</testsuite> <!-- getRequest.GetData2 -->
