<?xml version="1.0" encoding="UTF-8"?>
<!-- Generated by org.testng.reporters.JUnitReportReporter -->
<testsuite skipped="0" hostname="DESKTOP-TP2DDA7" name="DataBase.InserRecordinDB" tests="1" failures="0" timestamp="2020-05-14T17:05:10 IST" time="1.183" errors="0">
  <testcase name="testInsertinDB" time="1.183" classname="DataBase.InserRecordinDB"/>
</testsuite> <!-- DataBase.InserRecordinDB -->
