<?xml version="1.0" encoding="UTF-8"?>
<!-- Generated by org.testng.reporters.JUnitReportReporter -->
<testsuite skipped="0" hostname="DESKTOP-TP2DDA7" name="AlertPOPUp.AlertDemo" tests="3" failures="0" timestamp="2020-05-09T18:35:14 IST" time="25.252" errors="0">
  <testcase name="tc002_AlertDismiss" time="9.049" classname="AlertPOPUp.AlertDemo"/>
  <testcase name="tc003_AlertSendkeys" time="7.719" classname="AlertPOPUp.AlertDemo"/>
  <testcase name="tc001_AlertAccept" time="8.484" classname="AlertPOPUp.AlertDemo"/>
</testsuite> <!-- AlertPOPUp.AlertDemo -->
