<?xml version="1.0" encoding="UTF-8"?>
<!-- Generated by org.testng.reporters.JUnitReportReporter -->
<testsuite skipped="0" hostname="DESKTOP-TP2DDA7" name="getRequest.GetData" tests="2" failures="0" timestamp="2020-05-12T23:06:55 IST" time="5.197" errors="0">
  <testcase name="testBody" time="4.039" classname="getRequest.GetData"/>
  <testcase name="testResponseCode" time="1.158" classname="getRequest.GetData"/>
</testsuite> <!-- getRequest.GetData -->
