<?xml version="1.0" encoding="UTF-8"?>
<!-- Generated by org.testng.reporters.JUnitReportReporter -->
<testsuite skipped="0" hostname="DESKTOP-TP2DDA7" name="com.testng.crossbrowser.test.testngcrossbrowser.ReportLog" tests="1" failures="0" timestamp="2020-05-02T12:10:35 IST" time="15.367" errors="0">
  <testcase name="TC001" time="15.367" classname="com.testng.crossbrowser.test.testngcrossbrowser.ReportLog"/>
</testsuite> <!-- com.testng.crossbrowser.test.testngcrossbrowser.ReportLog -->
