<?xml version="1.0" encoding="UTF-8"?>
<!-- Generated by org.testng.reporters.JUnitReportReporter -->
<testsuite skipped="0" hostname="DESKTOP-TP2DDA7" name="com.testng.crossbrowser.test.testngcrossbrowser.ExtentReport" tests="1" failures="0" timestamp="2020-05-02T11:54:58 IST" time="15.156" errors="0">
  <testcase name="TC001" time="15.156" classname="com.testng.crossbrowser.test.testngcrossbrowser.ExtentReport"/>
</testsuite> <!-- com.testng.crossbrowser.test.testngcrossbrowser.ExtentReport -->
