<?xml version="1.0" encoding="UTF-8"?>
<!-- Generated by org.testng.reporters.JUnitReportReporter -->
<testsuite skipped="0" hostname="DESKTOP-TP2DDA7" name="DataBase.ConnectOpenCartDB" tests="1" failures="0" timestamp="2020-05-12T00:13:33 IST" time="28.386" errors="0">
  <testcase name="testOpencartDB" time="28.386" classname="DataBase.ConnectOpenCartDB"/>
</testsuite> <!-- DataBase.ConnectOpenCartDB -->
